android-tv-app/app/build/intermediates/manifest_merge_blame_file/debug/processDebugMainManifest/manifest-merger-blame-debug-report.txt
1<?xml version="1.0" encoding="utf-8"?>
2<manifest xmlns:android="http://schemas.android.com/apk/res/android"
3    package="com.hotel.tvapp"
4    android:versionCode="1"
5    android:versionName="1.0" >
6
7    <uses-sdk
8        android:minSdkVersion="28"
9        android:targetSdkVersion="34" />
10
11    <!-- Network & Device States -->
12    <uses-permission android:name="android.permission.INTERNET" />
12-->src\main\AndroidManifest.xml:5:5-67
12-->src\main\AndroidManifest.xml:5:22-64
13    <uses-permission android:name="android.permission.ACCESS_NETWORK_STATE" />
13-->src\main\AndroidManifest.xml:6:5-79
13-->src\main\AndroidManifest.xml:6:22-76
14    <uses-permission android:name="android.permission.ACCESS_WIFI_STATE" />
14-->src\main\AndroidManifest.xml:7:5-76
14-->src\main\AndroidManifest.xml:7:22-73
15    <uses-permission android:name="android.permission.WAKE_LOCK" />
15-->src\main\AndroidManifest.xml:8:5-68
15-->src\main\AndroidManifest.xml:8:22-65
16
17    <!-- Auto-start on boot -->
18    <uses-permission android:name="android.permission.RECEIVE_BOOT_COMPLETED" />
18-->src\main\AndroidManifest.xml:11:5-81
18-->src\main\AndroidManifest.xml:11:22-78
19    <!-- Kiosk / Lock Task Mode permissions -->
20    <uses-permission android:name="android.permission.BIND_DEVICE_ADMIN" />
20-->src\main\AndroidManifest.xml:13:5-76
20-->src\main\AndroidManifest.xml:13:22-73
21    <uses-permission android:name="android.permission.MANAGE_DEVICE_ADMINS" />
21-->src\main\AndroidManifest.xml:14:5-79
21-->src\main\AndroidManifest.xml:14:22-76
22
23    <!-- Android TV declaration -->
24    <uses-feature
24-->src\main\AndroidManifest.xml:17:5-19:35
25        android:name="android.software.leanback"
25-->src\main\AndroidManifest.xml:18:9-49
26        android:required="true" />
26-->src\main\AndroidManifest.xml:19:9-32
27    <uses-feature
27-->src\main\AndroidManifest.xml:21:5-23:36
28        android:name="android.hardware.touchscreen"
28-->src\main\AndroidManifest.xml:22:9-52
29        android:required="false" />
29-->src\main\AndroidManifest.xml:23:9-33
30
31    <permission
31-->[androidx.core:core:1.12.0] AndroidManifest.xml:22:5-24:47
32        android:name="com.hotel.tvapp.DYNAMIC_RECEIVER_NOT_EXPORTED_PERMISSION"
32-->[androidx.core:core:1.12.0] AndroidManifest.xml:23:9-81
33        android:protectionLevel="signature" />
33-->[androidx.core:core:1.12.0] AndroidManifest.xml:24:9-44
34
35    <uses-permission android:name="com.hotel.tvapp.DYNAMIC_RECEIVER_NOT_EXPORTED_PERMISSION" />
35-->[androidx.core:core:1.12.0] AndroidManifest.xml:26:5-97
35-->[androidx.core:core:1.12.0] AndroidManifest.xml:26:22-94
36
37    <application
37-->src\main\AndroidManifest.xml:25:5-87:19
38        android:allowBackup="false"
38-->src\main\AndroidManifest.xml:27:9-36
39        android:appComponentFactory="androidx.core.app.CoreComponentFactory"
39-->[androidx.core:core:1.12.0] AndroidManifest.xml:28:18-86
40        android:debuggable="true"
41        android:extractNativeLibs="false"
42        android:icon="@android:drawable/sym_def_app_icon"
42-->src\main\AndroidManifest.xml:29:9-58
43        android:label="@string/app_name"
43-->src\main\AndroidManifest.xml:30:9-41
44        android:supportsRtl="true"
44-->src\main\AndroidManifest.xml:31:9-35
45        android:testOnly="true"
45-->src\main\AndroidManifest.xml:28:9-32
46        android:theme="@android:style/Theme.DeviceDefault.NoActionBar"
46-->src\main\AndroidManifest.xml:32:9-71
47        android:usesCleartextTraffic="true" >
47-->src\main\AndroidManifest.xml:26:9-44
48
49        <!--
50        ══════════════════════════════════════════════════════
51             MAIN ACTIVITY — declared as HOME LAUNCHER
52             This causes "Home" button presses to come back here.
53        ═══════════════════════════════════════════════════════
54        -->
55        <activity
55-->src\main\AndroidManifest.xml:38:9-55:20
56            android:name="com.hotel.tvapp.MainActivity"
56-->src\main\AndroidManifest.xml:39:13-41
57            android:configChanges="keyboard|keyboardHidden|navigation|orientation|screenSize"
57-->src\main\AndroidManifest.xml:43:13-94
58            android:exported="true"
58-->src\main\AndroidManifest.xml:40:13-36
59            android:launchMode="singleInstance"
59-->src\main\AndroidManifest.xml:41:13-48
60            android:screenOrientation="landscape"
60-->src\main\AndroidManifest.xml:42:13-50
61            android:theme="@android:style/Theme.DeviceDefault.NoActionBar" >
61-->src\main\AndroidManifest.xml:44:13-75
62            <intent-filter>
62-->src\main\AndroidManifest.xml:45:13-54:29
63                <action android:name="android.intent.action.MAIN" />
63-->src\main\AndroidManifest.xml:46:17-69
63-->src\main\AndroidManifest.xml:46:25-66
64                <!-- TV Launcher -->
65                <category android:name="android.intent.category.LEANBACK_LAUNCHER" />
65-->src\main\AndroidManifest.xml:48:17-86
65-->src\main\AndroidManifest.xml:48:27-83
66                <!-- Standard Launcher -->
67                <category android:name="android.intent.category.LAUNCHER" />
67-->src\main\AndroidManifest.xml:50:17-77
67-->src\main\AndroidManifest.xml:50:27-74
68                <!-- HOME — makes Android route Home button back to this app -->
69                <category android:name="android.intent.category.HOME" />
69-->src\main\AndroidManifest.xml:52:17-73
69-->src\main\AndroidManifest.xml:52:27-70
70                <category android:name="android.intent.category.DEFAULT" />
70-->src\main\AndroidManifest.xml:53:17-76
70-->src\main\AndroidManifest.xml:53:27-73
71            </intent-filter>
72        </activity>
73
74        <!--
75        ══════════════════════════════════════════════════════
76             AUTO-START ON BOOT
77             Launches the portal automatically after device powers on.
78        ═══════════════════════════════════════════════════════
79        -->
80        <receiver
80-->src\main\AndroidManifest.xml:61:9-68:20
81            android:name="com.hotel.tvapp.BootReceiver"
81-->src\main\AndroidManifest.xml:62:13-41
82            android:enabled="true"
82-->src\main\AndroidManifest.xml:63:13-35
83            android:exported="true" >
83-->src\main\AndroidManifest.xml:64:13-36
84            <intent-filter>
84-->src\main\AndroidManifest.xml:65:13-67:29
85                <action android:name="android.intent.action.BOOT_COMPLETED" />
85-->src\main\AndroidManifest.xml:66:17-79
85-->src\main\AndroidManifest.xml:66:25-76
86            </intent-filter>
87        </receiver>
88
89        <!--
90        ══════════════════════════════════════════════════════
91             DEVICE ADMIN — required for Lock Task / Kiosk Mode
92             After install, activate with:
93               adb shell dpm set-device-owner com.hotel.tvapp/.KioskAdminReceiver
94        ═══════════════════════════════════════════════════════
95        -->
96        <receiver
96-->src\main\AndroidManifest.xml:75:9-85:20
97            android:name="com.hotel.tvapp.KioskAdminReceiver"
97-->src\main\AndroidManifest.xml:76:13-47
98            android:exported="true"
98-->src\main\AndroidManifest.xml:77:13-36
99            android:permission="android.permission.BIND_DEVICE_ADMIN" >
99-->src\main\AndroidManifest.xml:78:13-70
100            <meta-data
100-->src\main\AndroidManifest.xml:79:13-81:63
101                android:name="android.app.device_admin"
101-->src\main\AndroidManifest.xml:80:17-56
102                android:resource="@xml/device_admin_policy" />
102-->src\main\AndroidManifest.xml:81:17-60
103
104            <intent-filter>
104-->src\main\AndroidManifest.xml:82:13-84:29
105                <action android:name="android.app.action.DEVICE_ADMIN_ENABLED" />
105-->src\main\AndroidManifest.xml:83:17-82
105-->src\main\AndroidManifest.xml:83:25-79
106            </intent-filter>
107        </receiver>
108
109        <provider
109-->[androidx.emoji2:emoji2:1.3.0] AndroidManifest.xml:24:9-32:20
110            android:name="androidx.startup.InitializationProvider"
110-->[androidx.emoji2:emoji2:1.3.0] AndroidManifest.xml:25:13-67
111            android:authorities="com.hotel.tvapp.androidx-startup"
111-->[androidx.emoji2:emoji2:1.3.0] AndroidManifest.xml:26:13-68
112            android:exported="false" >
112-->[androidx.emoji2:emoji2:1.3.0] AndroidManifest.xml:27:13-37
113            <meta-data
113-->[androidx.emoji2:emoji2:1.3.0] AndroidManifest.xml:29:13-31:52
114                android:name="androidx.emoji2.text.EmojiCompatInitializer"
114-->[androidx.emoji2:emoji2:1.3.0] AndroidManifest.xml:30:17-75
115                android:value="androidx.startup" />
115-->[androidx.emoji2:emoji2:1.3.0] AndroidManifest.xml:31:17-49
116            <meta-data
116-->[androidx.lifecycle:lifecycle-process:2.7.0] AndroidManifest.xml:29:13-31:52
117                android:name="androidx.lifecycle.ProcessLifecycleInitializer"
117-->[androidx.lifecycle:lifecycle-process:2.7.0] AndroidManifest.xml:30:17-78
118                android:value="androidx.startup" />
118-->[androidx.lifecycle:lifecycle-process:2.7.0] AndroidManifest.xml:31:17-49
119            <meta-data
119-->[androidx.profileinstaller:profileinstaller:1.3.1] AndroidManifest.xml:29:13-31:52
120                android:name="androidx.profileinstaller.ProfileInstallerInitializer"
120-->[androidx.profileinstaller:profileinstaller:1.3.1] AndroidManifest.xml:30:17-85
121                android:value="androidx.startup" />
121-->[androidx.profileinstaller:profileinstaller:1.3.1] AndroidManifest.xml:31:17-49
122        </provider>
123
124        <receiver
124-->[androidx.profileinstaller:profileinstaller:1.3.1] AndroidManifest.xml:34:9-52:20
125            android:name="androidx.profileinstaller.ProfileInstallReceiver"
125-->[androidx.profileinstaller:profileinstaller:1.3.1] AndroidManifest.xml:35:13-76
126            android:directBootAware="false"
126-->[androidx.profileinstaller:profileinstaller:1.3.1] AndroidManifest.xml:36:13-44
127            android:enabled="true"
127-->[androidx.profileinstaller:profileinstaller:1.3.1] AndroidManifest.xml:37:13-35
128            android:exported="true"
128-->[androidx.profileinstaller:profileinstaller:1.3.1] AndroidManifest.xml:38:13-36
129            android:permission="android.permission.DUMP" >
129-->[androidx.profileinstaller:profileinstaller:1.3.1] AndroidManifest.xml:39:13-57
130            <intent-filter>
130-->[androidx.profileinstaller:profileinstaller:1.3.1] AndroidManifest.xml:40:13-42:29
131                <action android:name="androidx.profileinstaller.action.INSTALL_PROFILE" />
131-->[androidx.profileinstaller:profileinstaller:1.3.1] AndroidManifest.xml:41:17-91
131-->[androidx.profileinstaller:profileinstaller:1.3.1] AndroidManifest.xml:41:25-88
132            </intent-filter>
133            <intent-filter>
133-->[androidx.profileinstaller:profileinstaller:1.3.1] AndroidManifest.xml:43:13-45:29
134                <action android:name="androidx.profileinstaller.action.SKIP_FILE" />
134-->[androidx.profileinstaller:profileinstaller:1.3.1] AndroidManifest.xml:44:17-85
134-->[androidx.profileinstaller:profileinstaller:1.3.1] AndroidManifest.xml:44:25-82
135            </intent-filter>
136            <intent-filter>
136-->[androidx.profileinstaller:profileinstaller:1.3.1] AndroidManifest.xml:46:13-48:29
137                <action android:name="androidx.profileinstaller.action.SAVE_PROFILE" />
137-->[androidx.profileinstaller:profileinstaller:1.3.1] AndroidManifest.xml:47:17-88
137-->[androidx.profileinstaller:profileinstaller:1.3.1] AndroidManifest.xml:47:25-85
138            </intent-filter>
139            <intent-filter>
139-->[androidx.profileinstaller:profileinstaller:1.3.1] AndroidManifest.xml:49:13-51:29
140                <action android:name="androidx.profileinstaller.action.BENCHMARK_OPERATION" />
140-->[androidx.profileinstaller:profileinstaller:1.3.1] AndroidManifest.xml:50:17-95
140-->[androidx.profileinstaller:profileinstaller:1.3.1] AndroidManifest.xml:50:25-92
141            </intent-filter>
142        </receiver>
143    </application>
144
145</manifest>